Using pre-set license
Built from '2020.3/staging' branch; Version is '2020.3.3f1 (76626098c1c4) revision 7758432'; Using compiler version '192528614'; Build Type 'Release'
OS: 'Windows 10 Pro; OS build 19042.1466; Version 2009; 64bit' Language: 'ru' Physical Memory: 7599 MB
BatchMode: 1, IsHumanControllingUs: 0, StartBugReporterOnCrash: 0, Is64bit: 1, IsPro: 0

 COMMAND LINE ARGUMENTS:
C:\Program Files\Unity\Hub\Editor\2020.3.3f1\Editor\Unity.exe
-adb2
-batchMode
-noUpm
-name
AssetImportWorker0
-projectPath
D:/My Projects/Repository/NinoCuniTips/NinoCuniTips/NinoCuniTips
-logFile
Logs/AssetImportWorker0.log
-srvPort
29774
Successfully changed project path to: D:/My Projects/Repository/NinoCuniTips/NinoCuniTips/NinoCuniTips
D:/My Projects/Repository/NinoCuniTips/NinoCuniTips/NinoCuniTips
Using Asset Import Pipeline V2.
Refreshing native plugins compatible for Editor in 50.16 ms, found 1 plugins.
Preloading 0 native plugins for Editor in 0.00 ms.
Initialize engine version: 2020.3.3f1 (76626098c1c4)
[Subsystems] Discovering subsystems at path C:/Program Files/Unity/Hub/Editor/2020.3.3f1/Editor/Data/Resources/UnitySubsystems
[Subsystems] Discovering subsystems at path D:/My Projects/Repository/NinoCuniTips/NinoCuniTips/NinoCuniTips/Assets
GfxDevice: creating device client; threaded=0
Direct3D:
    Version:  Direct3D 11.0 [level 11.1]
    Renderer: NVIDIA GeForce GTX 1650 (ID=0x1f99)
    Vendor:   
    VRAM:     3962 MB
    Driver:   27.21.14.5763
Initialize mono
Mono path[0] = 'C:/Program Files/Unity/Hub/Editor/2020.3.3f1/Editor/Data/Managed'
Mono path[1] = 'C:/Program Files/Unity/Hub/Editor/2020.3.3f1/Editor/Data/MonoBleedingEdge/lib/mono/unityjit'
Mono config path = 'C:/Program Files/Unity/Hub/Editor/2020.3.3f1/Editor/Data/MonoBleedingEdge/etc'
Using monoOptions --debugger-agent=transport=dt_socket,embedding=1,server=y,suspend=n,address=127.0.0.1:56320
Begin MonoManager ReloadAssembly
Registering precompiled unity dll's ...
Register platform support module: C:/Program Files/Unity/Hub/Editor/2020.3.3f1/Editor/Data/PlaybackEngines/MacStandaloneSupport/UnityEditor.OSXStandalone.Extensions.dll
Register platform support module: C:/Program Files/Unity/Hub/Editor/2020.3.3f1/Editor/Data/PlaybackEngines/WindowsStandaloneSupport/UnityEditor.WindowsStandalone.Extensions.dll
Registered in 0.001849 seconds.
Native extension for WindowsStandalone target not found
Native extension for OSXStandalone target not found
Refreshing native plugins compatible for Editor in 37.91 ms, found 1 plugins.
Preloading 0 native plugins for Editor in 0.00 ms.
Invoked RoslynAnalysisRunner static constructor.
RoslynAnalysisRunner will not be running.
RoslynAnalysisRunner has terminated.
Mono: successfully reloaded assembly
- Completed reload, in  1.962 seconds
Platform modules already initialized, skipping
Registering precompiled user dll's ...
Registered in 0.003336 seconds.
Begin MonoManager ReloadAssembly
Native extension for WindowsStandalone target not found
Native extension for OSXStandalone target not found
Refreshing native plugins compatible for Editor in 37.82 ms, found 1 plugins.
Preloading 0 native plugins for Editor in 0.00 ms.
Invoked RoslynAnalysisRunner static constructor.
RoslynAnalysisRunner will not be running.
RoslynAnalysisRunner has terminated.
Mono: successfully reloaded assembly
- Completed reload, in  0.923 seconds
Platform modules already initialized, skipping
========================================================================
Worker process is ready to serve import requests
Launched and connected shader compiler UnityShaderCompiler.exe after 0.05 seconds
Refreshing native plugins compatible for Editor in 1.10 ms, found 1 plugins.
Preloading 0 native plugins for Editor in 0.00 ms.
Unloading 1903 Unused Serialized files (Serialized files now loaded: 0)
System memory in use before: 87.4 MB.
System memory in use after: 87.4 MB.

Unloading 91 unused Assets to reduce memory usage. Loaded Objects now: 2292.
Total: 2.347300 ms (FindLiveObjects: 0.236500 ms CreateObjectMapping: 0.050000 ms MarkObjects: 1.911400 ms  DeleteObjects: 0.148000 ms)

========================================================================
Received Import Request.
  path: Assets/Images/NinoCuni/App Design
  artifactKey: Guid(6e25bcdbba433d348b535e2cb5ea35e0) Importer(815301076,1909f56bfc062723c751e8b465ee728b)
Start importing Assets/Images/NinoCuni/App Design using Guid(6e25bcdbba433d348b535e2cb5ea35e0) Importer(815301076,1909f56bfc062723c751e8b465ee728b)  -> (artifact id: 'e1fc49a42534443cf68173c479e5ca7d') in 0.011246 seconds
  Import took 0.015153 seconds .

========================================================================
Received Import Request.
  Time since last request: 11.995290 seconds.
  path: Assets/Images/NinoCuni/App Design/1.jpg
  artifactKey: Guid(382b9a8828e16c94baf80a9ad4997c3f) Importer(815301076,1909f56bfc062723c751e8b465ee728b)
Start importing Assets/Images/NinoCuni/App Design/1.jpg using Guid(382b9a8828e16c94baf80a9ad4997c3f) Importer(815301076,1909f56bfc062723c751e8b465ee728b)  -> (artifact id: '11f25b13f58bd83451a407d5f04e5505') in 0.096150 seconds
  Import took 0.099741 seconds .

========================================================================
Received Import Request.
  Time since last request: 0.000309 seconds.
  path: Assets/Images/NinoCuni/App Design/8.jpg
  artifactKey: Guid(ae6e38db0aa71434fa680c29fe0cbd6d) Importer(815301076,1909f56bfc062723c751e8b465ee728b)
Start importing Assets/Images/NinoCuni/App Design/8.jpg using Guid(ae6e38db0aa71434fa680c29fe0cbd6d) Importer(815301076,1909f56bfc062723c751e8b465ee728b)  -> (artifact id: 'e9b54d00914e93cc5af6b922fe9fe7b6') in 0.020275 seconds
  Import took 0.023986 seconds .

========================================================================
Received Import Request.
  Time since last request: 0.000264 seconds.
  path: Assets/Images/NinoCuni/App Design/bglistoftips.jpg
  artifactKey: Guid(e061373f331d0ca4c993e7825cdc3658) Importer(815301076,1909f56bfc062723c751e8b465ee728b)
Start importing Assets/Images/NinoCuni/App Design/bglistoftips.jpg using Guid(e061373f331d0ca4c993e7825cdc3658) Importer(815301076,1909f56bfc062723c751e8b465ee728b)  -> (artifact id: '1659cee33d4e7ba8105b162eb624e855') in 0.054049 seconds
  Import took 0.057702 seconds .

========================================================================
Received Import Request.
  Time since last request: 0.000405 seconds.
  path: Assets/Images/NinoCuni/App Design/7.jpg
  artifactKey: Guid(c1edd5e0178799842979204a44d31e6b) Importer(815301076,1909f56bfc062723c751e8b465ee728b)
Start importing Assets/Images/NinoCuni/App Design/7.jpg using Guid(c1edd5e0178799842979204a44d31e6b) Importer(815301076,1909f56bfc062723c751e8b465ee728b)  -> (artifact id: '55ee92d08971cced759491c25bde29c6') in 0.014943 seconds
  Import took 0.019205 seconds .

========================================================================
Received Import Request.
  Time since last request: 0.000249 seconds.
  path: Assets/Images/NinoCuni/App Design/loading_text.jpg
  artifactKey: Guid(b188dd24be10ee24d84382eeb6116f16) Importer(815301076,1909f56bfc062723c751e8b465ee728b)
Start importing Assets/Images/NinoCuni/App Design/loading_text.jpg using Guid(b188dd24be10ee24d84382eeb6116f16) Importer(815301076,1909f56bfc062723c751e8b465ee728b)  -> (artifact id: '8a68a9da560c174af4acbe1950b2c918') in 0.014896 seconds
  Import took 0.019024 seconds .

========================================================================
Received Import Request.
  Time since last request: 0.000228 seconds.
  path: Assets/Images/NinoCuni/App Design/loading.jpg
  artifactKey: Guid(c7225224d7e57a5409c4a0e180afa231) Importer(815301076,1909f56bfc062723c751e8b465ee728b)
Start importing Assets/Images/NinoCuni/App Design/loading.jpg using Guid(c7225224d7e57a5409c4a0e180afa231) Importer(815301076,1909f56bfc062723c751e8b465ee728b)  -> (artifact id: '2e7f0071f2c54933b9e050a779416a57') in 0.022607 seconds
  Import took 0.026601 seconds .

========================================================================
Received Import Request.
  Time since last request: 0.000393 seconds.
  path: Assets/Images/NinoCuni/App Design/buttonnextempty.jpg
  artifactKey: Guid(1514bf564ab77cf47b5f0c39f0af5286) Importer(815301076,1909f56bfc062723c751e8b465ee728b)
Start importing Assets/Images/NinoCuni/App Design/buttonnextempty.jpg using Guid(1514bf564ab77cf47b5f0c39f0af5286) Importer(815301076,1909f56bfc062723c751e8b465ee728b)  -> (artifact id: '528f538a4984a7229df1a5a49a126ce4') in 0.015164 seconds
  Import took 0.019463 seconds .

========================================================================
Received Import Request.
  Time since last request: 0.000175 seconds.
  path: Assets/Images/NinoCuni/App Design/10.jpg
  artifactKey: Guid(043b4e998142f7e418507e31c7c4331c) Importer(815301076,1909f56bfc062723c751e8b465ee728b)
Start importing Assets/Images/NinoCuni/App Design/10.jpg using Guid(043b4e998142f7e418507e31c7c4331c) Importer(815301076,1909f56bfc062723c751e8b465ee728b)  -> (artifact id: '8f88ec89c595f12196f66b1786529364') in 0.015465 seconds
  Import took 0.019400 seconds .

========================================================================
Received Import Request.
  Time since last request: 0.000540 seconds.
  path: Assets/Images/NinoCuni/App Design/arrowback.jpg
  artifactKey: Guid(052c323b67f033e4c99ee3df9d33b960) Importer(815301076,1909f56bfc062723c751e8b465ee728b)
Start importing Assets/Images/NinoCuni/App Design/arrowback.jpg using Guid(052c323b67f033e4c99ee3df9d33b960) Importer(815301076,1909f56bfc062723c751e8b465ee728b)  -> (artifact id: 'aa7e59345ad5e0b260e667a6bacace16') in 0.015711 seconds
  Import took 0.019137 seconds .

========================================================================
Received Import Request.
  Time since last request: 0.000215 seconds.
  path: Assets/Images/NinoCuni/App Design/buttonmainmenu.jpg
  artifactKey: Guid(8b6e6895f29f5564787c3c6628b2d340) Importer(815301076,1909f56bfc062723c751e8b465ee728b)
Start importing Assets/Images/NinoCuni/App Design/buttonmainmenu.jpg using Guid(8b6e6895f29f5564787c3c6628b2d340) Importer(815301076,1909f56bfc062723c751e8b465ee728b)  -> (artifact id: 'b23fe612790cc40c9d7e4215df01933b') in 0.015560 seconds
  Import took 0.020426 seconds .

========================================================================
Received Import Request.
  Time since last request: 0.000242 seconds.
  path: Assets/Images/NinoCuni/App Design/9.jpg
  artifactKey: Guid(1c5ba6ef5c15015408242b24bf9a15cd) Importer(815301076,1909f56bfc062723c751e8b465ee728b)
Start importing Assets/Images/NinoCuni/App Design/9.jpg using Guid(1c5ba6ef5c15015408242b24bf9a15cd) Importer(815301076,1909f56bfc062723c751e8b465ee728b)  -> (artifact id: 'db9bc0e389130a6581f10f6fd96f00b2') in 0.014439 seconds
  Import took 0.018267 seconds .

========================================================================
Received Import Request.
  Time since last request: 0.000481 seconds.
  path: Assets/Images/NinoCuni/App Design/colors.jpg
  artifactKey: Guid(eabb9adc5d845264ba754c8ef2f04348) Importer(815301076,1909f56bfc062723c751e8b465ee728b)
Start importing Assets/Images/NinoCuni/App Design/colors.jpg using Guid(eabb9adc5d845264ba754c8ef2f04348) Importer(815301076,1909f56bfc062723c751e8b465ee728b)  -> (artifact id: '05c9e0874facef46aa08ab7c2083cf7b') in 0.029943 seconds
  Import took 0.033515 seconds .

========================================================================
Received Import Request.
  Time since last request: 0.000188 seconds.
  path: Assets/Images/NinoCuni/App Design/2.jpg
  artifactKey: Guid(d6fdd04a4eafda0478838a8a81bea13d) Importer(815301076,1909f56bfc062723c751e8b465ee728b)
Start importing Assets/Images/NinoCuni/App Design/2.jpg using Guid(d6fdd04a4eafda0478838a8a81bea13d) Importer(815301076,1909f56bfc062723c751e8b465ee728b)  -> (artifact id: '7e4ed9304a7bcc3e3420abcb1f92a107') in 0.013912 seconds
  Import took 0.017827 seconds .

========================================================================
Received Import Request.
  Time since last request: 0.000326 seconds.
  path: Assets/Images/NinoCuni/App Design/pp button 3.jpg
  artifactKey: Guid(54493a5343db7864992c1c7ab180d151) Importer(815301076,1909f56bfc062723c751e8b465ee728b)
Start importing Assets/Images/NinoCuni/App Design/pp button 3.jpg using Guid(54493a5343db7864992c1c7ab180d151) Importer(815301076,1909f56bfc062723c751e8b465ee728b)  -> (artifact id: 'de9c1029c34739b6c813e8c49a05351e') in 0.013020 seconds
  Import took 0.016583 seconds .

========================================================================
Received Import Request.
  Time since last request: 0.000179 seconds.
  path: Assets/Images/NinoCuni/App Design/6.jpg
  artifactKey: Guid(e3e8665ea8bf34f4d85760935b28b7f0) Importer(815301076,1909f56bfc062723c751e8b465ee728b)
Start importing Assets/Images/NinoCuni/App Design/6.jpg using Guid(e3e8665ea8bf34f4d85760935b28b7f0) Importer(815301076,1909f56bfc062723c751e8b465ee728b)  -> (artifact id: 'a7d334e0840999c72b0114a317ab57d4') in 0.016127 seconds
  Import took 0.019652 seconds .

========================================================================
Received Import Request.
  Time since last request: 0.000212 seconds.
  path: Assets/Images/NinoCuni/App Design/3.jpg
  artifactKey: Guid(464fce9178500864a96c927ad5cfee1b) Importer(815301076,1909f56bfc062723c751e8b465ee728b)
Start importing Assets/Images/NinoCuni/App Design/3.jpg using Guid(464fce9178500864a96c927ad5cfee1b) Importer(815301076,1909f56bfc062723c751e8b465ee728b)  -> (artifact id: 'bc2f7b949e6fad154751e311963a40ea') in 0.016531 seconds
  Import took 0.020117 seconds .

========================================================================
Received Import Request.
  Time since last request: 0.000190 seconds.
  path: Assets/Images/NinoCuni/App Design/5.jpg
  artifactKey: Guid(e06c618ed89fabf499eae4d58bd3c7b9) Importer(815301076,1909f56bfc062723c751e8b465ee728b)
Start importing Assets/Images/NinoCuni/App Design/5.jpg using Guid(e06c618ed89fabf499eae4d58bd3c7b9) Importer(815301076,1909f56bfc062723c751e8b465ee728b)  -> (artifact id: 'ca08ef32374bec6d9baa88ec9fc6557a') in 0.014482 seconds
  Import took 0.018261 seconds .

========================================================================
Received Import Request.
  Time since last request: 0.000206 seconds.
  path: Assets/Images/NinoCuni/App Design/buttonnext.jpg
  artifactKey: Guid(74aa8e0a494d46d4082a08e2c6eb4843) Importer(815301076,1909f56bfc062723c751e8b465ee728b)
Start importing Assets/Images/NinoCuni/App Design/buttonnext.jpg using Guid(74aa8e0a494d46d4082a08e2c6eb4843) Importer(815301076,1909f56bfc062723c751e8b465ee728b)  -> (artifact id: 'b5542fd5d8cf51aa6faa488b1da83868') in 0.015035 seconds
  Import took 0.018517 seconds .

========================================================================
Received Import Request.
  Time since last request: 0.000473 seconds.
  path: Assets/Images/NinoCuni/App Design/4.jpg
  artifactKey: Guid(42f49d58395c01145ab651434877b4d6) Importer(815301076,1909f56bfc062723c751e8b465ee728b)
Start importing Assets/Images/NinoCuni/App Design/4.jpg using Guid(42f49d58395c01145ab651434877b4d6) Importer(815301076,1909f56bfc062723c751e8b465ee728b)  -> (artifact id: 'eff2a9c133cea69192d245f16ad8201f') in 0.013848 seconds
  Import took 0.018240 seconds .

========================================================================
Received Import Request.
  Time since last request: 0.000222 seconds.
  path: Assets/Images/NinoCuni/App Design/buttonback.jpg
  artifactKey: Guid(27f073949d2bc0c4a93a0e0522c57a88) Importer(815301076,1909f56bfc062723c751e8b465ee728b)
Start importing Assets/Images/NinoCuni/App Design/buttonback.jpg using Guid(27f073949d2bc0c4a93a0e0522c57a88) Importer(815301076,1909f56bfc062723c751e8b465ee728b)  -> (artifact id: 'a2ed3a66d8447bf3f622d4447678d15e') in 0.014123 seconds
  Import took 0.018339 seconds .

========================================================================
Received Import Request.
  Time since last request: 0.000269 seconds.
  path: Assets/Images/NinoCuni/App Design/arrownext.jpg
  artifactKey: Guid(441e65a22f93072429f8bdc4016cf2da) Importer(815301076,1909f56bfc062723c751e8b465ee728b)
Start importing Assets/Images/NinoCuni/App Design/arrownext.jpg using Guid(441e65a22f93072429f8bdc4016cf2da) Importer(815301076,1909f56bfc062723c751e8b465ee728b)  -> (artifact id: 'ed9dc51ba94e0cb5af218e4328f6a134') in 0.020055 seconds
  Import took 0.023734 seconds .

========================================================================
Received Import Request.
  Time since last request: 0.000213 seconds.
  path: Assets/Images/NinoCuni/App Design/connectionerrorbutton.jpg
  artifactKey: Guid(3b612d79ca78e91419741deed993310f) Importer(815301076,1909f56bfc062723c751e8b465ee728b)
Start importing Assets/Images/NinoCuni/App Design/connectionerrorbutton.jpg using Guid(3b612d79ca78e91419741deed993310f) Importer(815301076,1909f56bfc062723c751e8b465ee728b)  -> (artifact id: '2f2f36e75ee9b32573948d02826af71f') in 0.013548 seconds
  Import took 0.017388 seconds .

========================================================================
Received Import Request.
  Time since last request: 0.000230 seconds.
  path: Assets/Images/NinoCuni/App Design/logo.jpg
  artifactKey: Guid(cee044bd0e6a06049af87b69adf5af03) Importer(815301076,1909f56bfc062723c751e8b465ee728b)
Start importing Assets/Images/NinoCuni/App Design/logo.jpg using Guid(cee044bd0e6a06049af87b69adf5af03) Importer(815301076,1909f56bfc062723c751e8b465ee728b)  -> (artifact id: 'c7a3a65803ef4e501a6ca524eb0b6dd5') in 0.016117 seconds
  Import took 0.019728 seconds .

========================================================================
Received Import Request.
  Time since last request: 0.000243 seconds.
  path: Assets/Images/NinoCuni/App Design/buttonbackempty.jpg
  artifactKey: Guid(5820fd999c8ea1a4d8b59ac3f3559030) Importer(815301076,1909f56bfc062723c751e8b465ee728b)
Start importing Assets/Images/NinoCuni/App Design/buttonbackempty.jpg using Guid(5820fd999c8ea1a4d8b59ac3f3559030) Importer(815301076,1909f56bfc062723c751e8b465ee728b)  -> (artifact id: 'accd7db829dba495d2c1fb98df7f5daf') in 0.013338 seconds
  Import took 0.016743 seconds .

========================================================================
Received Import Request.
  Time since last request: 0.000263 seconds.
  path: Assets/Images/NinoCuni/App Design/bg.jpg
  artifactKey: Guid(e946cbdd3d4c33046bf7de7d3cfc07bb) Importer(815301076,1909f56bfc062723c751e8b465ee728b)
Start importing Assets/Images/NinoCuni/App Design/bg.jpg using Guid(e946cbdd3d4c33046bf7de7d3cfc07bb) Importer(815301076,1909f56bfc062723c751e8b465ee728b)  -> (artifact id: '812d72a073824734a4e4ee65854c8c86') in 0.022537 seconds
  Import took 0.027114 seconds .

========================================================================
Received Import Request.
  Time since last request: 0.003511 seconds.
  path: Assets/Images/NinoCuni/App Design/bg.jpg
  artifactKey: Guid(e946cbdd3d4c33046bf7de7d3cfc07bb) Importer(815301076,1909f56bfc062723c751e8b465ee728b)
Start importing Assets/Images/NinoCuni/App Design/bg.jpg using Guid(e946cbdd3d4c33046bf7de7d3cfc07bb) Importer(815301076,1909f56bfc062723c751e8b465ee728b)  -> (artifact id: '812d72a073824734a4e4ee65854c8c86') in 0.024390 seconds
  Import took 0.028709 seconds .

========================================================================
Received Import Request.
  Time since last request: 3.520712 seconds.
  path: Assets/Images/New Icons/logo.png
  artifactKey: Guid(2c91e13137af21844a6f388237d5176b) Importer(815301076,1909f56bfc062723c751e8b465ee728b)
Start importing Assets/Images/New Icons/logo.png using Guid(2c91e13137af21844a6f388237d5176b) Importer(815301076,1909f56bfc062723c751e8b465ee728b)  -> (artifact id: '4009b13006319ad563a55f98841dc3bb') in 0.017559 seconds
  Import took 0.020977 seconds .

========================================================================
Received Import Request.
  Time since last request: 0.000270 seconds.
  path: Assets/Images/New Icons/splash.png
  artifactKey: Guid(9e39eec989b19f94588502a43cacfa82) Importer(815301076,1909f56bfc062723c751e8b465ee728b)
Start importing Assets/Images/New Icons/splash.png using Guid(9e39eec989b19f94588502a43cacfa82) Importer(815301076,1909f56bfc062723c751e8b465ee728b)  -> (artifact id: '4fa41c660bf31a28f6b3602dcf177546') in 0.051001 seconds
  Import took 0.054023 seconds .

========================================================================
Received Import Request.
  Time since last request: 78.114437 seconds.
  path: Assets/Images/Icons for Build/81.png
  artifactKey: Guid(2d7727c8010dcfb49932e2b3a10b2759) Importer(815301076,1909f56bfc062723c751e8b465ee728b)
Start importing Assets/Images/Icons for Build/81.png using Guid(2d7727c8010dcfb49932e2b3a10b2759) Importer(815301076,1909f56bfc062723c751e8b465ee728b)  -> (artifact id: '11d235e9ca571b55d641e83d37164ed6') in 0.017571 seconds
  Import took 0.021021 seconds .

========================================================================
Received Import Request.
  Time since last request: 0.000280 seconds.
  path: Assets/Images/Icons for Build/108.png
  artifactKey: Guid(0d4fd1aa0e551e54aad1e6f539fa516a) Importer(815301076,1909f56bfc062723c751e8b465ee728b)
Start importing Assets/Images/Icons for Build/108.png using Guid(0d4fd1aa0e551e54aad1e6f539fa516a) Importer(815301076,1909f56bfc062723c751e8b465ee728b)  -> (artifact id: '2cb23514fcd16833092e3f94878f9379') in 0.024661 seconds
  Import took 0.027786 seconds .

========================================================================
Received Import Request.
  Time since last request: 0.000282 seconds.
  path: Assets/Images/Icons for Build/216.png
  artifactKey: Guid(ad70ac1c21c3777458ec8bc8a9794498) Importer(815301076,1909f56bfc062723c751e8b465ee728b)
Start importing Assets/Images/Icons for Build/216.png using Guid(ad70ac1c21c3777458ec8bc8a9794498) Importer(815301076,1909f56bfc062723c751e8b465ee728b)  -> (artifact id: 'b3f26e70e27e3abbc14abd3be31f0547') in 0.029912 seconds
  Import took 0.033550 seconds .

========================================================================
Received Import Request.
  Time since last request: 0.000277 seconds.
  path: Assets/Images/Icons for Build/108.png
  artifactKey: Guid(0d4fd1aa0e551e54aad1e6f539fa516a) Importer(815301076,1909f56bfc062723c751e8b465ee728b)
Start importing Assets/Images/Icons for Build/108.png using Guid(0d4fd1aa0e551e54aad1e6f539fa516a) Importer(815301076,1909f56bfc062723c751e8b465ee728b)  -> (artifact id: '2cb23514fcd16833092e3f94878f9379') in 0.019770 seconds
  Import took 0.023094 seconds .

========================================================================
Received Import Request.
  Time since last request: 0.000888 seconds.
  path: Assets/Images/Icons for Build/162.png
  artifactKey: Guid(7ead5ef6a1951a8449e9d5e5e85d2ddb) Importer(815301076,1909f56bfc062723c751e8b465ee728b)
Start importing Assets/Images/Icons for Build/162.png using Guid(7ead5ef6a1951a8449e9d5e5e85d2ddb) Importer(815301076,1909f56bfc062723c751e8b465ee728b)  -> (artifact id: '087a5ab12f07730c44f3b9957ac94574') in 0.021476 seconds
  Import took 0.025242 seconds .

========================================================================
Received Import Request.
  Time since last request: 0.000298 seconds.
  path: Assets/Images/Icons for Build/324.png
  artifactKey: Guid(6adc759a481e44f4db293d272bc1f2b9) Importer(815301076,1909f56bfc062723c751e8b465ee728b)
Start importing Assets/Images/Icons for Build/324.png using Guid(6adc759a481e44f4db293d272bc1f2b9) Importer(815301076,1909f56bfc062723c751e8b465ee728b)  -> (artifact id: 'c86ae050ed2d7d8deb8de24d16deb973') in 0.027689 seconds
  Import took 0.031416 seconds .

========================================================================
Received Import Request.
  Time since last request: 0.000234 seconds.
  path: Assets/Images/Icons for Build/432.png
  artifactKey: Guid(d9cc191d81b51174088c279e5015de4e) Importer(815301076,1909f56bfc062723c751e8b465ee728b)
Start importing Assets/Images/Icons for Build/432.png using Guid(d9cc191d81b51174088c279e5015de4e) Importer(815301076,1909f56bfc062723c751e8b465ee728b)  -> (artifact id: '64fc57b0edfef0a4634b505b3e9b794b') in 0.020443 seconds
  Import took 0.023845 seconds .

========================================================================
Received Import Request.
  Time since last request: 0.000235 seconds.
  path: Assets/Images/Icons for Build/324.png
  artifactKey: Guid(6adc759a481e44f4db293d272bc1f2b9) Importer(815301076,1909f56bfc062723c751e8b465ee728b)
Start importing Assets/Images/Icons for Build/324.png using Guid(6adc759a481e44f4db293d272bc1f2b9) Importer(815301076,1909f56bfc062723c751e8b465ee728b)  -> (artifact id: 'c86ae050ed2d7d8deb8de24d16deb973') in 0.021641 seconds
  Import took 0.025285 seconds .

========================================================================
Received Import Request.
  Time since last request: 27.205345 seconds.
  path: Assets/Images/NinoCuni/App Design/buttonnextempty.jpg
  artifactKey: Guid(1514bf564ab77cf47b5f0c39f0af5286) Importer(815301076,1909f56bfc062723c751e8b465ee728b)
Start importing Assets/Images/NinoCuni/App Design/buttonnextempty.jpg using Guid(1514bf564ab77cf47b5f0c39f0af5286) Importer(815301076,1909f56bfc062723c751e8b465ee728b)  -> (artifact id: '16ea2686ce9d1dabfb14a557708a9273') in 0.018619 seconds
  Import took 0.022124 seconds .

========================================================================
Received Import Request.
  Time since last request: 2.888279 seconds.
  path: Assets/Images/NinoCuni/App Design/ppagreebutton.jpg
  artifactKey: Guid(252154d8641218f4eb944cd982f3bc1e) Importer(815301076,1909f56bfc062723c751e8b465ee728b)
Start importing Assets/Images/NinoCuni/App Design/ppagreebutton.jpg using Guid(252154d8641218f4eb944cd982f3bc1e) Importer(815301076,1909f56bfc062723c751e8b465ee728b)  -> (artifact id: '1726c5336734baad5e5b3f41db7b2ce6') in 0.014122 seconds
  Import took 0.017638 seconds .

========================================================================
Received Import Request.
  Time since last request: 3.200349 seconds.
  path: Assets/Images/NinoCuni/App Design/buttonnextempty.jpg
  artifactKey: Guid(1514bf564ab77cf47b5f0c39f0af5286) Importer(815301076,1909f56bfc062723c751e8b465ee728b)
Start importing Assets/Images/NinoCuni/App Design/buttonnextempty.jpg using Guid(1514bf564ab77cf47b5f0c39f0af5286) Importer(815301076,1909f56bfc062723c751e8b465ee728b)  -> (artifact id: '89b1e447fc134f7d99873df109d02315') in 0.014725 seconds
  Import took 0.018177 seconds .

========================================================================
Received Import Request.
  Time since last request: 2.766526 seconds.
  path: Assets/Images/NinoCuni/App Design/buttonnextempty.jpg
  artifactKey: Guid(1514bf564ab77cf47b5f0c39f0af5286) Importer(815301076,1909f56bfc062723c751e8b465ee728b)
Start importing Assets/Images/NinoCuni/App Design/buttonnextempty.jpg using Guid(1514bf564ab77cf47b5f0c39f0af5286) Importer(815301076,1909f56bfc062723c751e8b465ee728b)  -> (artifact id: '6853fa0f9e613d2f11a0134b0f9b2b21') in 0.019281 seconds
  Import took 0.022550 seconds .

========================================================================
Received Import Request.
  Time since last request: 9.182040 seconds.
  path: Assets/Images/NinoCuni/App Design/ppbutton.jpg
  artifactKey: Guid(5f909bf00a8e5ca46b93b0a77a6745c9) Importer(815301076,1909f56bfc062723c751e8b465ee728b)
Start importing Assets/Images/NinoCuni/App Design/ppbutton.jpg using Guid(5f909bf00a8e5ca46b93b0a77a6745c9) Importer(815301076,1909f56bfc062723c751e8b465ee728b)  -> (artifact id: '8383ca9089907ddb794bff63c2e7b194') in 0.014799 seconds
  Import took 0.018471 seconds .

========================================================================
Received Import Request.
  Time since last request: 0.000449 seconds.
  path: Assets/Images/NinoCuni/App Design/ppwindow.jpg
  artifactKey: Guid(9eceff5c5774d714ab3812392377089c) Importer(815301076,1909f56bfc062723c751e8b465ee728b)
Start importing Assets/Images/NinoCuni/App Design/ppwindow.jpg using Guid(9eceff5c5774d714ab3812392377089c) Importer(815301076,1909f56bfc062723c751e8b465ee728b)  -> (artifact id: '154caffc94d6c1e8eca0130509d8d134') in 0.030988 seconds
  Import took 0.034686 seconds .

========================================================================
Received Import Request.
  Time since last request: 0.000198 seconds.
  path: Assets/Images/NinoCuni/App Design/SecondPanelShadow.jpg
  artifactKey: Guid(59511b8c5bd65bb40991a6017f7cfeba) Importer(815301076,1909f56bfc062723c751e8b465ee728b)
Start importing Assets/Images/NinoCuni/App Design/SecondPanelShadow.jpg using Guid(59511b8c5bd65bb40991a6017f7cfeba) Importer(815301076,1909f56bfc062723c751e8b465ee728b)  -> (artifact id: '7fad377cc033f003d32166ed78214a36') in 0.014326 seconds
  Import took 0.018099 seconds .

========================================================================
Received Import Request.
  Time since last request: 53.684615 seconds.
  path: Assets/Images/UI/buttonnext.png
  artifactKey: Guid(2c4d48d2ee767094bae52973b15ce989) Importer(815301076,1909f56bfc062723c751e8b465ee728b)
Start importing Assets/Images/UI/buttonnext.png using Guid(2c4d48d2ee767094bae52973b15ce989) Importer(815301076,1909f56bfc062723c751e8b465ee728b)  -> (artifact id: '48f8971bbb7919d49be2e423fff04621') in 0.014594 seconds
  Import took 0.017880 seconds .

========================================================================
Received Import Request.
  Time since last request: 36.598395 seconds.
  path: Assets/GoogleMobileAds/Editor/Resources/DummyAds/AdImages/1024x768.png
  artifactKey: Guid(4c69db43dbd474a2987be5807129b4cc) Importer(815301076,1909f56bfc062723c751e8b465ee728b)
Start importing Assets/GoogleMobileAds/Editor/Resources/DummyAds/AdImages/1024x768.png using Guid(4c69db43dbd474a2987be5807129b4cc) Importer(815301076,1909f56bfc062723c751e8b465ee728b)  -> (artifact id: '0b4ab2389ee76a87681e60f7c859aa26') in 0.024617 seconds
  Import took 0.028078 seconds .

========================================================================
Received Import Request.
  Time since last request: 0.002664 seconds.
  path: Assets/GoogleMobileAds/Editor/Resources/DummyAds/AdImages/1024x768.png
  artifactKey: Guid(4c69db43dbd474a2987be5807129b4cc) Importer(815301076,1909f56bfc062723c751e8b465ee728b)
Start importing Assets/GoogleMobileAds/Editor/Resources/DummyAds/AdImages/1024x768.png using Guid(4c69db43dbd474a2987be5807129b4cc) Importer(815301076,1909f56bfc062723c751e8b465ee728b)  -> (artifact id: '0b4ab2389ee76a87681e60f7c859aa26') in 0.025100 seconds
  Import took 0.028591 seconds .

========================================================================
Received Import Request.
  Time since last request: 0.038336 seconds.
  path: Assets/GoogleMobileAds/Editor/Resources/DummyAds/AdImages/728x90.png
  artifactKey: Guid(cfead63ff9d9d48e2b4ba3c2dee7cea9) Importer(815301076,1909f56bfc062723c751e8b465ee728b)
Start importing Assets/GoogleMobileAds/Editor/Resources/DummyAds/AdImages/728x90.png using Guid(cfead63ff9d9d48e2b4ba3c2dee7cea9) Importer(815301076,1909f56bfc062723c751e8b465ee728b)  -> (artifact id: '8a611b880b111221729d1255d3f31190') in 0.015942 seconds
  Import took 0.020233 seconds .

========================================================================
Received Import Request.
  Time since last request: 0.000337 seconds.
  path: Assets/GoogleMobileAds/Editor/Resources/DummyAds/AdImages/768x1024.png
  artifactKey: Guid(8a53f9c63a5e94b14a98698a7b07365b) Importer(815301076,1909f56bfc062723c751e8b465ee728b)
Start importing Assets/GoogleMobileAds/Editor/Resources/DummyAds/AdImages/768x1024.png using Guid(8a53f9c63a5e94b14a98698a7b07365b) Importer(815301076,1909f56bfc062723c751e8b465ee728b)  -> (artifact id: 'eb88b95efce2113bbd9193277b710565') in 0.024889 seconds
  Import took 0.028432 seconds .

========================================================================
Received Import Request.
  Time since last request: 0.010288 seconds.
  path: Assets/GoogleMobileAds/Editor/Resources/DummyAds/AdImages/480x320.png
  artifactKey: Guid(d30303c99ba3f4b9b9924da34e6d742d) Importer(815301076,1909f56bfc062723c751e8b465ee728b)
Start importing Assets/GoogleMobileAds/Editor/Resources/DummyAds/AdImages/480x320.png using Guid(d30303c99ba3f4b9b9924da34e6d742d) Importer(815301076,1909f56bfc062723c751e8b465ee728b)  -> (artifact id: 'a75df368d4499f279226736b81b9a728') in 0.020782 seconds
  Import took 0.024481 seconds .

========================================================================
Received Import Request.
  Time since last request: 0.000240 seconds.
  path: Assets/Images/New Icons/icons/512.png
  artifactKey: Guid(db6f4c22b8967e340ace655ab1abeb1f) Importer(815301076,1909f56bfc062723c751e8b465ee728b)
Start importing Assets/Images/New Icons/icons/512.png using Guid(db6f4c22b8967e340ace655ab1abeb1f) Importer(815301076,1909f56bfc062723c751e8b465ee728b)  -> (artifact id: '58dadc2b77e48cc44608d1a621b7742e') in 0.029125 seconds
  Import took 0.032723 seconds .

========================================================================
Received Import Request.
  Time since last request: 0.437711 seconds.
  path: Assets/GoogleMobileAds/Editor/Resources/DummyAds/AdImages/468x60.png
  artifactKey: Guid(74358f5fb13a549aabac4a5a7ac76739) Importer(815301076,1909f56bfc062723c751e8b465ee728b)
Start importing Assets/GoogleMobileAds/Editor/Resources/DummyAds/AdImages/468x60.png using Guid(74358f5fb13a549aabac4a5a7ac76739) Importer(815301076,1909f56bfc062723c751e8b465ee728b)  -> (artifact id: 'b64436689cab16920bf53d31bdfa2eda') in 0.017641 seconds
  Import took 0.021410 seconds .

========================================================================
Received Import Request.
  Time since last request: 0.003270 seconds.
  path: Assets/Images/New Icons/icons/432.png
  artifactKey: Guid(08e3a52189ecb544e8651d1871a617dd) Importer(815301076,1909f56bfc062723c751e8b465ee728b)
Start importing Assets/Images/New Icons/icons/432.png using Guid(08e3a52189ecb544e8651d1871a617dd) Importer(815301076,1909f56bfc062723c751e8b465ee728b)  -> (artifact id: 'a4800b2ed1463a6892f20d677cc47e8b') in 0.020875 seconds
  Import took 0.024478 seconds .

========================================================================
Received Import Request.
  Time since last request: 0.051985 seconds.
  path: Assets/GoogleMobileAds/Editor/Resources/DummyAds/AdImages/320x480.png
  artifactKey: Guid(77d9c04b43d404f44ab60d7159b279bb) Importer(815301076,1909f56bfc062723c751e8b465ee728b)
Start importing Assets/GoogleMobileAds/Editor/Resources/DummyAds/AdImages/320x480.png using Guid(77d9c04b43d404f44ab60d7159b279bb) Importer(815301076,1909f56bfc062723c751e8b465ee728b)  -> (artifact id: 'c1c58c701cff806ab62a7f5caa3b4948') in 0.016187 seconds
  Import took 0.019358 seconds .

========================================================================
Received Import Request.
  Time since last request: 0.000191 seconds.
  path: Assets/Images/New Icons/icons/324.png
  artifactKey: Guid(a0e0778dfcfed8043871e517e8d11138) Importer(815301076,1909f56bfc062723c751e8b465ee728b)
Start importing Assets/Images/New Icons/icons/324.png using Guid(a0e0778dfcfed8043871e517e8d11138) Importer(815301076,1909f56bfc062723c751e8b465ee728b)  -> (artifact id: '755a35a0c6dce2e5133eb2e150665997') in 0.021032 seconds
  Import took 0.023904 seconds .

========================================================================
Received Import Request.
  Time since last request: 347.001422 seconds.
  path: Assets/Images/Virtus.proLogo.png
  artifactKey: Guid(5a48152159953004f9f84edd5e27e32d) Importer(815301076,1909f56bfc062723c751e8b465ee728b)
Start importing Assets/Images/Virtus.proLogo.png using Guid(5a48152159953004f9f84edd5e27e32d) Importer(815301076,1909f56bfc062723c751e8b465ee728b)  -> (artifact id: 'e2c1b0e2bd549eda67267ab54849aa8b') in 0.042465 seconds
  Import took 0.045970 seconds .

========================================================================
Received Import Request.
  Time since last request: 10.612108 seconds.
  path: Assets/Images/NinoCuni/App Design/SecondPanelVerticalLine.jpg
  artifactKey: Guid(ac5080a29fcc88d428d5ec912ef60ab8) Importer(815301076,1909f56bfc062723c751e8b465ee728b)
Start importing Assets/Images/NinoCuni/App Design/SecondPanelVerticalLine.jpg using Guid(ac5080a29fcc88d428d5ec912ef60ab8) Importer(815301076,1909f56bfc062723c751e8b465ee728b)  -> (artifact id: 'aded874752ea609b1db1f6d8c42777ef') in 0.017758 seconds
  Import took 0.022365 seconds .

========================================================================
Received Import Request.
  Time since last request: 0.000288 seconds.
  path: Assets/Images/NinoCuni/App Design/splash.jpg
  artifactKey: Guid(16a10773347c3de49a3ef462f16c7bf3) Importer(815301076,1909f56bfc062723c751e8b465ee728b)
Start importing Assets/Images/NinoCuni/App Design/splash.jpg using Guid(16a10773347c3de49a3ef462f16c7bf3) Importer(815301076,1909f56bfc062723c751e8b465ee728b)  -> (artifact id: 'd8dd521488918ce2cad7d994bf2b2980') in 0.035454 seconds
  Import took 0.039516 seconds .

========================================================================
Received Import Request.
  Time since last request: 0.000251 seconds.
  path: Assets/Images/NinoCuni/App Design/SecondPanelVerticalLine.jpg
  artifactKey: Guid(ac5080a29fcc88d428d5ec912ef60ab8) Importer(815301076,1909f56bfc062723c751e8b465ee728b)
Start importing Assets/Images/NinoCuni/App Design/SecondPanelVerticalLine.jpg using Guid(ac5080a29fcc88d428d5ec912ef60ab8) Importer(815301076,1909f56bfc062723c751e8b465ee728b)  -> (artifact id: 'aded874752ea609b1db1f6d8c42777ef') in 0.010492 seconds
  Import took 0.014833 seconds .

========================================================================
Received Import Request.
  Time since last request: 0.000324 seconds.
  path: Assets/Images/NinoCuni/App Design/splash.jpg
  artifactKey: Guid(16a10773347c3de49a3ef462f16c7bf3) Importer(815301076,1909f56bfc062723c751e8b465ee728b)
Start importing Assets/Images/NinoCuni/App Design/splash.jpg using Guid(16a10773347c3de49a3ef462f16c7bf3) Importer(815301076,1909f56bfc062723c751e8b465ee728b)  -> (artifact id: 'd8dd521488918ce2cad7d994bf2b2980') in 0.041954 seconds
  Import took 0.045480 seconds .

========================================================================
Received Import Request.
  Time since last request: 1.633595 seconds.
  path: Assets/GoogleMobileAds/Editor/Resources/DummyAds/AdImages/320x50.png
  artifactKey: Guid(5a6531d4c9c484d679a2d6f9e6fefed5) Importer(815301076,1909f56bfc062723c751e8b465ee728b)
Start importing Assets/GoogleMobileAds/Editor/Resources/DummyAds/AdImages/320x50.png using Guid(5a6531d4c9c484d679a2d6f9e6fefed5) Importer(815301076,1909f56bfc062723c751e8b465ee728b)  -> (artifact id: 'e2190384b7968a196343130736ac7403') in 0.023805 seconds
  Import took 0.027521 seconds .

========================================================================
Received Import Request.
  Time since last request: 0.000345 seconds.
  path: Assets/GoogleMobileAds/Editor/Resources/DummyAds/AdImages/320x100.png
  artifactKey: Guid(1a2723ddf964e4565a408007ab387283) Importer(815301076,1909f56bfc062723c751e8b465ee728b)
Start importing Assets/GoogleMobileAds/Editor/Resources/DummyAds/AdImages/320x100.png using Guid(1a2723ddf964e4565a408007ab387283) Importer(815301076,1909f56bfc062723c751e8b465ee728b)  -> (artifact id: 'd31e85efe98a06464d0b8e7a98437867') in 0.017919 seconds
  Import took 0.021932 seconds .

========================================================================
Received Import Request.
  Time since last request: 0.000201 seconds.
  path: Assets/Images/New Icons/icons/108.png
  artifactKey: Guid(c4b35409f38b41645af8d9a6881d4452) Importer(815301076,1909f56bfc062723c751e8b465ee728b)
Start importing Assets/Images/New Icons/icons/108.png using Guid(c4b35409f38b41645af8d9a6881d4452) Importer(815301076,1909f56bfc062723c751e8b465ee728b)  -> (artifact id: '45e7c9382208db583fa7a2b716a723a1') in 0.020542 seconds
  Import took 0.023859 seconds .

========================================================================
Received Import Request.
  Time since last request: 0.000233 seconds.
  path: Assets/Images/NinoCuni/App Design/7.jpg
  artifactKey: Guid(c1edd5e0178799842979204a44d31e6b) Importer(815301076,1909f56bfc062723c751e8b465ee728b)
Start importing Assets/Images/NinoCuni/App Design/7.jpg using Guid(c1edd5e0178799842979204a44d31e6b) Importer(815301076,1909f56bfc062723c751e8b465ee728b)  -> (artifact id: '60910e8d3ca380deb2bd77a7b09c7d20') in 0.017474 seconds
  Import took 0.021250 seconds .

========================================================================
Received Import Request.
  Time since last request: 0.000212 seconds.
  path: Assets/GoogleMobileAds/Editor/Resources/DummyAds/AdImages/300x250.png
  artifactKey: Guid(898f886a39d714db5b90d2c36676c894) Importer(815301076,1909f56bfc062723c751e8b465ee728b)
Start importing Assets/GoogleMobileAds/Editor/Resources/DummyAds/AdImages/300x250.png using Guid(898f886a39d714db5b90d2c36676c894) Importer(815301076,1909f56bfc062723c751e8b465ee728b)  -> (artifact id: '3bf879da86a92a48bd02e937762d78d6') in 0.022138 seconds
  Import took 0.025590 seconds .

========================================================================
Received Import Request.
  Time since last request: 0.000193 seconds.
  path: Assets/Images/New Icons/icons/162.png
  artifactKey: Guid(1acf802e81fb06c4e9de52e308d30f47) Importer(815301076,1909f56bfc062723c751e8b465ee728b)
Start importing Assets/Images/New Icons/icons/162.png using Guid(1acf802e81fb06c4e9de52e308d30f47) Importer(815301076,1909f56bfc062723c751e8b465ee728b)  -> (artifact id: '58d49d2c5afbfce8774c05ae3733e53f') in 0.022436 seconds
  Import took 0.026793 seconds .

========================================================================
Received Import Request.
  Time since last request: 0.000209 seconds.
  path: Assets/Images/New Icons/icons/81.png
  artifactKey: Guid(5e41045c1ccb13948b824ce32b8e875b) Importer(815301076,1909f56bfc062723c751e8b465ee728b)
Start importing Assets/Images/New Icons/icons/81.png using Guid(5e41045c1ccb13948b824ce32b8e875b) Importer(815301076,1909f56bfc062723c751e8b465ee728b)  -> (artifact id: '18eb8bf042f09a44cf0a1016c5c3d9bf') in 0.017163 seconds
  Import took 0.020654 seconds .

========================================================================
Received Import Request.
  Time since last request: 0.000220 seconds.
  path: Assets/Images/New Icons/icons/216.png
  artifactKey: Guid(95bdc03bfd84fa84592af93bce9fdf3a) Importer(815301076,1909f56bfc062723c751e8b465ee728b)
Start importing Assets/Images/New Icons/icons/216.png using Guid(95bdc03bfd84fa84592af93bce9fdf3a) Importer(815301076,1909f56bfc062723c751e8b465ee728b)  -> (artifact id: '9707ee21008e64b38edbf998c096e2f8') in 0.020419 seconds
  Import took 0.023531 seconds .

========================================================================
Received Import Request.
  Time since last request: 51.506646 seconds.
  path: Assets/Images/arrowback.png
  artifactKey: Guid(c2fce75bc74d24640a77f107ccf45df1) Importer(815301076,1909f56bfc062723c751e8b465ee728b)
Start importing Assets/Images/arrowback.png using Guid(c2fce75bc74d24640a77f107ccf45df1) Importer(815301076,1909f56bfc062723c751e8b465ee728b)  -> (artifact id: '4f4139515596ae81cd4bd2c17b995e34') in 0.016358 seconds
  Import took 0.019656 seconds .

========================================================================
Received Import Request.
  Time since last request: 273.175571 seconds.
  path: Assets/Images/arrownext-removebg-preview.png
  artifactKey: Guid(ca630431f2795b546b01e6aa19afd456) Importer(815301076,1909f56bfc062723c751e8b465ee728b)
Start importing Assets/Images/arrownext-removebg-preview.png using Guid(ca630431f2795b546b01e6aa19afd456) Importer(815301076,1909f56bfc062723c751e8b465ee728b)  -> (artifact id: '6d6ba0fa184e14a950bc3a6302af7de4') in 0.016628 seconds
  Import took 0.021701 seconds .

AssetImportWorkerClient::OnTransportError - code=2 error=End of file
