Using pre-set license
Built from '2020.3/staging' branch; Version is '2020.3.3f1 (76626098c1c4) revision 7758432'; Using compiler version '192528614'; Build Type 'Release'
OS: 'Windows 10 Pro; OS build 19042.1466; Version 2009; 64bit' Language: 'ru' Physical Memory: 7599 MB
BatchMode: 1, IsHumanControllingUs: 0, StartBugReporterOnCrash: 0, Is64bit: 1, IsPro: 0

 COMMAND LINE ARGUMENTS:
C:\Program Files\Unity\Hub\Editor\2020.3.3f1\Editor\Unity.exe
-adb2
-batchMode
-noUpm
-name
AssetImportWorker0
-projectPath
D:/My Projects/Repository/NinoCuniTips/NinoCuniTips/NinoCuniTips
-logFile
Logs/AssetImportWorker0.log
-srvPort
29047
Successfully changed project path to: D:/My Projects/Repository/NinoCuniTips/NinoCuniTips/NinoCuniTips
D:/My Projects/Repository/NinoCuniTips/NinoCuniTips/NinoCuniTips
Using Asset Import Pipeline V2.
Refreshing native plugins compatible for Editor in 34.25 ms, found 1 plugins.
Preloading 0 native plugins for Editor in 0.00 ms.
Initialize engine version: 2020.3.3f1 (76626098c1c4)
[Subsystems] Discovering subsystems at path C:/Program Files/Unity/Hub/Editor/2020.3.3f1/Editor/Data/Resources/UnitySubsystems
[Subsystems] Discovering subsystems at path D:/My Projects/Repository/NinoCuniTips/NinoCuniTips/NinoCuniTips/Assets
GfxDevice: creating device client; threaded=0
Direct3D:
    Version:  Direct3D 11.0 [level 11.1]
    Renderer: NVIDIA GeForce GTX 1650 (ID=0x1f99)
    Vendor:   
    VRAM:     3962 MB
    Driver:   27.21.14.5763
Initialize mono
Mono path[0] = 'C:/Program Files/Unity/Hub/Editor/2020.3.3f1/Editor/Data/Managed'
Mono path[1] = 'C:/Program Files/Unity/Hub/Editor/2020.3.3f1/Editor/Data/MonoBleedingEdge/lib/mono/unityjit'
Mono config path = 'C:/Program Files/Unity/Hub/Editor/2020.3.3f1/Editor/Data/MonoBleedingEdge/etc'
Using monoOptions --debugger-agent=transport=dt_socket,embedding=1,server=y,suspend=n,address=127.0.0.1:56456
Begin MonoManager ReloadAssembly
Registering precompiled unity dll's ...
Register platform support module: C:/Program Files/Unity/Hub/Editor/2020.3.3f1/Editor/Data/PlaybackEngines/MacStandaloneSupport/UnityEditor.OSXStandalone.Extensions.dll
Register platform support module: C:/Program Files/Unity/Hub/Editor/2020.3.3f1/Editor/Data/PlaybackEngines/WindowsStandaloneSupport/UnityEditor.WindowsStandalone.Extensions.dll
Registered in 0.001846 seconds.
Native extension for WindowsStandalone target not found
Native extension for OSXStandalone target not found
Refreshing native plugins compatible for Editor in 34.07 ms, found 1 plugins.
Preloading 0 native plugins for Editor in 0.00 ms.
Invoked RoslynAnalysisRunner static constructor.
RoslynAnalysisRunner will not be running.
RoslynAnalysisRunner has terminated.
Mono: successfully reloaded assembly
- Completed reload, in  4.284 seconds
Platform modules already initialized, skipping
Registering precompiled user dll's ...
Registered in 0.000756 seconds.
Begin MonoManager ReloadAssembly
Native extension for WindowsStandalone target not found
Native extension for OSXStandalone target not found
Refreshing native plugins compatible for Editor in 35.21 ms, found 1 plugins.
Preloading 0 native plugins for Editor in 0.00 ms.
Invoked RoslynAnalysisRunner static constructor.
RoslynAnalysisRunner will not be running.
RoslynAnalysisRunner has terminated.
Mono: successfully reloaded assembly
- Completed reload, in  0.918 seconds
Platform modules already initialized, skipping
========================================================================
Worker process is ready to serve import requests
Launched and connected shader compiler UnityShaderCompiler.exe after 0.11 seconds
Refreshing native plugins compatible for Editor in 0.77 ms, found 1 plugins.
Preloading 0 native plugins for Editor in 0.00 ms.
Unloading 1808 Unused Serialized files (Serialized files now loaded: 0)
System memory in use before: 84.9 MB.
System memory in use after: 84.8 MB.

Unloading 24 unused Assets to reduce memory usage. Loaded Objects now: 2250.
Total: 2.169500 ms (FindLiveObjects: 0.240900 ms CreateObjectMapping: 0.061000 ms MarkObjects: 1.735800 ms  DeleteObjects: 0.130100 ms)

========================================================================
Received Import Request.
  path: Assets
  artifactKey: Guid(00000000000000001000000000000000) Importer(815301076,1909f56bfc062723c751e8b465ee728b)
Start importing Assets using Guid(00000000000000001000000000000000) Importer(815301076,1909f56bfc062723c751e8b465ee728b)  -> (artifact id: 'b2e0e235c0f4af3754229b664788db90') in 0.010327 seconds
  Import took 0.014202 seconds .

========================================================================
Received Prepare
Registering precompiled user dll's ...
Registered in 0.003534 seconds.
Begin MonoManager ReloadAssembly
Native extension for WindowsStandalone target not found
Native extension for OSXStandalone target not found
Refreshing native plugins compatible for Editor in 0.85 ms, found 1 plugins.
Preloading 0 native plugins for Editor in 0.00 ms.
Invoked RoslynAnalysisRunner static constructor.
RoslynAnalysisRunner will not be running.
RoslynAnalysisRunner has terminated.
Mono: successfully reloaded assembly
- Completed reload, in  0.837 seconds
Platform modules already initialized, skipping
Refreshing native plugins compatible for Editor in 0.86 ms, found 1 plugins.
Preloading 0 native plugins for Editor in 0.00 ms.
Unloading 1897 Unused Serialized files (Serialized files now loaded: 0)
System memory in use before: 87.3 MB.
System memory in use after: 87.3 MB.

Unloading 79 unused Assets to reduce memory usage. Loaded Objects now: 2294.
Total: 2.281000 ms (FindLiveObjects: 0.287400 ms CreateObjectMapping: 0.045600 ms MarkObjects: 1.812000 ms  DeleteObjects: 0.133900 ms)

========================================================================
Received Import Request.
  Time since last request: 99.206340 seconds.
  path: Assets/GameController.asset
  artifactKey: Guid(a5caf64a66f43904989253c939777cec) Importer(815301076,1909f56bfc062723c751e8b465ee728b)
Start importing Assets/GameController.asset using Guid(a5caf64a66f43904989253c939777cec) Importer(815301076,1909f56bfc062723c751e8b465ee728b)  -> (artifact id: '420a8a710d68f12fbf41fef2d377a007') in 0.032057 seconds
  Import took 0.035501 seconds .

========================================================================
Received Import Request.
  Time since last request: 25.006103 seconds.
  path: Assets/Scenes
  artifactKey: Guid(00f6c8f2d309d0e42a5fa39c80aaac69) Importer(815301076,1909f56bfc062723c751e8b465ee728b)
Start importing Assets/Scenes using Guid(00f6c8f2d309d0e42a5fa39c80aaac69) Importer(815301076,1909f56bfc062723c751e8b465ee728b)  -> (artifact id: '2e5af202a568e6727ef7d5cdf415fe71') in 0.009205 seconds
  Import took 0.012792 seconds .

========================================================================
Received Import Request.
  Time since last request: 7.254180 seconds.
  path: Assets/Scripts
  artifactKey: Guid(ac6508465c19e744a943f11465ea8e04) Importer(815301076,1909f56bfc062723c751e8b465ee728b)
Start importing Assets/Scripts using Guid(ac6508465c19e744a943f11465ea8e04) Importer(815301076,1909f56bfc062723c751e8b465ee728b)  -> (artifact id: '7465c8735e425c3abfdd0d5e89becc25') in 0.009228 seconds
  Import took 0.012605 seconds .

========================================================================
Received Import Request.
  Time since last request: 3.637696 seconds.
  path: Assets/ExternalDependencyManager/Editor
  artifactKey: Guid(abc6543f5a82b1f469f4b3beae6fa98f) Importer(815301076,1909f56bfc062723c751e8b465ee728b)
Start importing Assets/ExternalDependencyManager/Editor using Guid(abc6543f5a82b1f469f4b3beae6fa98f) Importer(815301076,1909f56bfc062723c751e8b465ee728b)  -> (artifact id: '9becee3441478b1c99237cce57f0af57') in 0.008265 seconds
  Import took 0.017408 seconds .

========================================================================
Received Import Request.
  Time since last request: 1.540024 seconds.
  path: Assets/ExternalDependencyManager/Editor/1.2.169
  artifactKey: Guid(135462fd60c3cbb40acddad219a4ae02) Importer(815301076,1909f56bfc062723c751e8b465ee728b)
Start importing Assets/ExternalDependencyManager/Editor/1.2.169 using Guid(135462fd60c3cbb40acddad219a4ae02) Importer(815301076,1909f56bfc062723c751e8b465ee728b)  -> (artifact id: '6f52e9cdfe2d03d1a71467e48c618842') in 0.008198 seconds
  Import took 0.011751 seconds .

========================================================================
Received Import Request.
  Time since last request: 8.404993 seconds.
  path: Assets/Scenes/MenuScene.unity
  artifactKey: Guid(b39e581a27d9f11418a9261261ada36c) Importer(815301076,1909f56bfc062723c751e8b465ee728b)
Start importing Assets/Scenes/MenuScene.unity using Guid(b39e581a27d9f11418a9261261ada36c) Importer(815301076,1909f56bfc062723c751e8b465ee728b)  -> (artifact id: '513b06d60a2786ee38b292f8ffd578ee') in 0.002524 seconds
  Import took 0.006234 seconds .

========================================================================
Received Prepare
Registering precompiled user dll's ...
Registered in 0.003906 seconds.
Begin MonoManager ReloadAssembly
Native extension for WindowsStandalone target not found
Native extension for OSXStandalone target not found
Refreshing native plugins compatible for Editor in 0.90 ms, found 1 plugins.
Preloading 0 native plugins for Editor in 0.00 ms.
Invoked RoslynAnalysisRunner static constructor.
RoslynAnalysisRunner will not be running.
RoslynAnalysisRunner has terminated.
Mono: successfully reloaded assembly
- Completed reload, in  0.853 seconds
Platform modules already initialized, skipping
Switching build target platform(5) subTarget(0) extendedPlatform(0) -> platform(13) subTarget(537395200) extendedPlatform(0)
Refreshing native plugins compatible for Editor in 1.78 ms, found 1 plugins.
Preloading 0 native plugins for Editor in 0.00 ms.
Unloading 1901 Unused Serialized files (Serialized files now loaded: 0)
System memory in use before: 87.4 MB.
System memory in use after: 87.4 MB.

Unloading 79 unused Assets to reduce memory usage. Loaded Objects now: 2298.
Total: 5.822200 ms (FindLiveObjects: 0.567000 ms CreateObjectMapping: 0.099300 ms MarkObjects: 4.696800 ms  DeleteObjects: 0.454800 ms)

AssetImportParameters requested are different than current active one (requested -> active):
  custom:graphics/normal-map-encoding: 01000000000000000000000000000000 -> 02000000000000000000000000000000
========================================================================
Received Prepare
Refreshing native plugins compatible for Editor in 11.02 ms, found 1 plugins.
Preloading 0 native plugins for Editor in 0.00 ms.
Unloading 77 Unused Serialized files (Serialized files now loaded: 0)
System memory in use before: 51.4 MB.
System memory in use after: 51.4 MB.

Unloading 77 unused Assets to reduce memory usage. Loaded Objects now: 2298.
Total: 2.770800 ms (FindLiveObjects: 0.377700 ms CreateObjectMapping: 0.092300 ms MarkObjects: 2.120000 ms  DeleteObjects: 0.178900 ms)

========================================================================
Received Prepare
Refreshing native plugins compatible for Editor in 10.37 ms, found 1 plugins.
Preloading 0 native plugins for Editor in 0.00 ms.
Unloading 77 Unused Serialized files (Serialized files now loaded: 0)
System memory in use before: 51.4 MB.
System memory in use after: 51.4 MB.

Unloading 77 unused Assets to reduce memory usage. Loaded Objects now: 2298.
Total: 2.630700 ms (FindLiveObjects: 0.378700 ms CreateObjectMapping: 0.059400 ms MarkObjects: 2.041000 ms  DeleteObjects: 0.149800 ms)

========================================================================
Received Import Request.
  Time since last request: 167.631697 seconds.
  path: Assets/Scenes/CurrentActScene.unity
  artifactKey: Guid(6e3dfbbbb067b5d4aaf68261a3355f27) Importer(815301076,1909f56bfc062723c751e8b465ee728b)
Start importing Assets/Scenes/CurrentActScene.unity using Guid(6e3dfbbbb067b5d4aaf68261a3355f27) Importer(815301076,1909f56bfc062723c751e8b465ee728b)  -> (artifact id: '96e1057995dddd30f701a9b05e326623') in 0.013695 seconds
  Import took 0.017152 seconds .

========================================================================
Received Import Request.
  Time since last request: 5.625130 seconds.
  path: Assets/Scenes/SettingsScene.unity
  artifactKey: Guid(c31a46da29f473346a87f31febf9de36) Importer(815301076,1909f56bfc062723c751e8b465ee728b)
Start importing Assets/Scenes/SettingsScene.unity using Guid(c31a46da29f473346a87f31febf9de36) Importer(815301076,1909f56bfc062723c751e8b465ee728b)  -> (artifact id: '59e4fb3734b68674b743327fe78b4bcd') in 0.007314 seconds
  Import took 0.010843 seconds .

========================================================================
Received Import Request.
  Time since last request: 3.030822 seconds.
  path: Assets/Scenes/ContentScene.unity
  artifactKey: Guid(da922c34601d4b34ebc9cd1c38b294fe) Importer(815301076,1909f56bfc062723c751e8b465ee728b)
Start importing Assets/Scenes/ContentScene.unity using Guid(da922c34601d4b34ebc9cd1c38b294fe) Importer(815301076,1909f56bfc062723c751e8b465ee728b)  -> (artifact id: '7ba11cdddc036e48749f51ee0f72f803') in 0.007533 seconds
  Import took 0.011984 seconds .

========================================================================
Received Import Request.
  Time since last request: 4.463557 seconds.
  path: Assets/Scenes/SampleScene.unity
  artifactKey: Guid(2cda990e2423bbf4892e6590ba056729) Importer(815301076,1909f56bfc062723c751e8b465ee728b)
Start importing Assets/Scenes/SampleScene.unity using Guid(2cda990e2423bbf4892e6590ba056729) Importer(815301076,1909f56bfc062723c751e8b465ee728b)  -> (artifact id: '0a59ef0011206403181b6dace8b464c4') in 0.008208 seconds
  Import took 0.011318 seconds .

========================================================================
Received Prepare
Registering precompiled user dll's ...
Registered in 0.004385 seconds.
Begin MonoManager ReloadAssembly
Native extension for WindowsStandalone target not found
Native extension for OSXStandalone target not found
Refreshing native plugins compatible for Editor in 0.85 ms, found 1 plugins.
Preloading 0 native plugins for Editor in 0.00 ms.
Invoked RoslynAnalysisRunner static constructor.
RoslynAnalysisRunner will not be running.
RoslynAnalysisRunner has terminated.
Mono: successfully reloaded assembly
- Completed reload, in  0.838 seconds
Platform modules already initialized, skipping
Switching build target platform(5) subTarget(0) extendedPlatform(0) -> platform(13) subTarget(537395200) extendedPlatform(0)
Refreshing native plugins compatible for Editor in 0.85 ms, found 1 plugins.
Preloading 0 native plugins for Editor in 0.00 ms.
Unloading 1901 Unused Serialized files (Serialized files now loaded: 0)
System memory in use before: 87.6 MB.
System memory in use after: 87.6 MB.

Unloading 79 unused Assets to reduce memory usage. Loaded Objects now: 2302.
Total: 2.649100 ms (FindLiveObjects: 0.453000 ms CreateObjectMapping: 0.119400 ms MarkObjects: 1.937600 ms  DeleteObjects: 0.137200 ms)

AssetImportParameters requested are different than current active one (requested -> active):
  custom:graphics/normal-map-encoding: 01000000000000000000000000000000 -> 02000000000000000000000000000000
========================================================================
Received Prepare
Registering precompiled user dll's ...
Registered in 0.003314 seconds.
Begin MonoManager ReloadAssembly
Native extension for WindowsStandalone target not found
Native extension for OSXStandalone target not found
Refreshing native plugins compatible for Editor in 0.86 ms, found 1 plugins.
Preloading 0 native plugins for Editor in 0.00 ms.
Invoked RoslynAnalysisRunner static constructor.
RoslynAnalysisRunner will not be running.
RoslynAnalysisRunner has terminated.
Mono: successfully reloaded assembly
- Completed reload, in  0.840 seconds
Platform modules already initialized, skipping
Switching build target platform(5) subTarget(0) extendedPlatform(0) -> platform(13) subTarget(537395200) extendedPlatform(0)
Refreshing native plugins compatible for Editor in 0.89 ms, found 1 plugins.
Preloading 0 native plugins for Editor in 0.00 ms.
Unloading 1901 Unused Serialized files (Serialized files now loaded: 0)
System memory in use before: 87.6 MB.
System memory in use after: 87.6 MB.

Unloading 79 unused Assets to reduce memory usage. Loaded Objects now: 2306.
Total: 3.531000 ms (FindLiveObjects: 0.388100 ms CreateObjectMapping: 0.074500 ms MarkObjects: 2.916500 ms  DeleteObjects: 0.150400 ms)

AssetImportParameters requested are different than current active one (requested -> active):
  custom:graphics/normal-map-encoding: 01000000000000000000000000000000 -> 02000000000000000000000000000000
========================================================================
Received Import Request.
  Time since last request: 151.929091 seconds.
  path: Assets/Prefabs/TipButton.prefab
  artifactKey: Guid(e2f45c20b86f474408f94c3963560e4c) Importer(815301076,1909f56bfc062723c751e8b465ee728b)
Start importing Assets/Prefabs/TipButton.prefab using Guid(e2f45c20b86f474408f94c3963560e4c) Importer(815301076,1909f56bfc062723c751e8b465ee728b)  -> (artifact id: 'b74998172d2013bc2148a6fe09b725f6') in 0.044642 seconds
  Import took 0.048095 seconds .

========================================================================
Received Import Request.
  Time since last request: 7.101553 seconds.
  path: Assets/Images/UI
  artifactKey: Guid(223e5974f19804d46909b427c76a6298) Importer(815301076,1909f56bfc062723c751e8b465ee728b)
Start importing Assets/Images/UI using Guid(223e5974f19804d46909b427c76a6298) Importer(815301076,1909f56bfc062723c751e8b465ee728b)  -> (artifact id: '86b0662d11da72e47e427fe8bbbcbc3b') in 0.007117 seconds
  Import took 0.010166 seconds .

========================================================================
Received Import Request.
  Time since last request: 0.107415 seconds.
  path: Assets/Images/UI/arrowback.png
  artifactKey: Guid(ae014abe8f10eda44a4e09e6d0cc3196) Importer(815301076,1909f56bfc062723c751e8b465ee728b)
Start importing Assets/Images/UI/arrowback.png using Guid(ae014abe8f10eda44a4e09e6d0cc3196) Importer(815301076,1909f56bfc062723c751e8b465ee728b)  -> (artifact id: '6ed357bf046a472f495a4bce48f48116') in 0.074526 seconds
  Import took 0.078366 seconds .

========================================================================
Received Import Request.
  Time since last request: 0.000271 seconds.
  path: Assets/Images/UI/c629ba9713c26eccff7edab12c6b1593.jpg
  artifactKey: Guid(91f624e884c84f64986d58a0ad8c0a7e) Importer(815301076,1909f56bfc062723c751e8b465ee728b)
Start importing Assets/Images/UI/c629ba9713c26eccff7edab12c6b1593.jpg using Guid(91f624e884c84f64986d58a0ad8c0a7e) Importer(815301076,1909f56bfc062723c751e8b465ee728b)  -> (artifact id: 'b3a7a64b5a5bc1798b36e832bcb489ed') in 0.054172 seconds
  Import took 0.057058 seconds .

========================================================================
Received Import Request.
  Time since last request: 0.000278 seconds.
  path: Assets/Images/UI/SecondPanelVerticalLine.png
  artifactKey: Guid(55aab4550387ee14aa3195ba0a951edd) Importer(815301076,1909f56bfc062723c751e8b465ee728b)
Start importing Assets/Images/UI/SecondPanelVerticalLine.png using Guid(55aab4550387ee14aa3195ba0a951edd) Importer(815301076,1909f56bfc062723c751e8b465ee728b)  -> (artifact id: 'e079a669966624db8a8a83a155b98c9d') in 0.018899 seconds
  Import took 0.022344 seconds .

========================================================================
Received Import Request.
  Time since last request: 0.000265 seconds.
  path: Assets/Images/UI/buttonback.png
  artifactKey: Guid(749dc3963e66d334db6af626c17311fa) Importer(815301076,1909f56bfc062723c751e8b465ee728b)
Start importing Assets/Images/UI/buttonback.png using Guid(749dc3963e66d334db6af626c17311fa) Importer(815301076,1909f56bfc062723c751e8b465ee728b)  -> (artifact id: '97937684a7dea501a38c52338753575d') in 0.015900 seconds
  Import took 0.020362 seconds .

========================================================================
Received Import Request.
  Time since last request: 0.000250 seconds.
  path: Assets/Images/UI/buttonnextempty2.png
  artifactKey: Guid(4d6e31d8c3f61f54ca965940ff970347) Importer(815301076,1909f56bfc062723c751e8b465ee728b)
Start importing Assets/Images/UI/buttonnextempty2.png using Guid(4d6e31d8c3f61f54ca965940ff970347) Importer(815301076,1909f56bfc062723c751e8b465ee728b)  -> (artifact id: 'ffb360bb8c895a057788d3aec58d6ec6') in 0.015225 seconds
  Import took 0.018839 seconds .

========================================================================
Received Import Request.
  Time since last request: 0.000329 seconds.
  path: Assets/Images/UI/logo.png
  artifactKey: Guid(4c97349c17f67d04c9abe0be3612b1b7) Importer(815301076,1909f56bfc062723c751e8b465ee728b)
Start importing Assets/Images/UI/logo.png using Guid(4c97349c17f67d04c9abe0be3612b1b7) Importer(815301076,1909f56bfc062723c751e8b465ee728b)  -> (artifact id: '547b96ad852bf9eee5d03c536a4ff3b3') in 0.016032 seconds
  Import took 0.019711 seconds .

========================================================================
Received Import Request.
  Time since last request: 0.000246 seconds.
  path: Assets/Images/UI/arrownext.png
  artifactKey: Guid(8d0c1f89f9256f447ab0264c6b1ac7db) Importer(815301076,1909f56bfc062723c751e8b465ee728b)
Start importing Assets/Images/UI/arrownext.png using Guid(8d0c1f89f9256f447ab0264c6b1ac7db) Importer(815301076,1909f56bfc062723c751e8b465ee728b)  -> (artifact id: '7e45bf5d0aff5d1c56f0f70c320591c1') in 0.013362 seconds
  Import took 0.016897 seconds .

========================================================================
Received Import Request.
  Time since last request: 0.000221 seconds.
  path: Assets/Images/UI/buttonmainmenu.png
  artifactKey: Guid(e7df994f9f5b4f147ab538beec56e440) Importer(815301076,1909f56bfc062723c751e8b465ee728b)
Start importing Assets/Images/UI/buttonmainmenu.png using Guid(e7df994f9f5b4f147ab538beec56e440) Importer(815301076,1909f56bfc062723c751e8b465ee728b)  -> (artifact id: '54bcae1ab1c3c7215246af96596d4b0d') in 0.014193 seconds
  Import took 0.018367 seconds .

========================================================================
Received Import Request.
  Time since last request: 0.000198 seconds.
  path: Assets/Images/UI/pp scroll.png
  artifactKey: Guid(c3fe21a1567077c448c3672f5951cc37) Importer(815301076,1909f56bfc062723c751e8b465ee728b)
Start importing Assets/Images/UI/pp scroll.png using Guid(c3fe21a1567077c448c3672f5951cc37) Importer(815301076,1909f56bfc062723c751e8b465ee728b)  -> (artifact id: '9a19cd715e14f70a6479fe0800ceab4e') in 0.012130 seconds
  Import took 0.016035 seconds .

========================================================================
Received Import Request.
  Time since last request: 0.000273 seconds.
  path: Assets/Images/UI/hn.png
  artifactKey: Guid(4c726c189ae855447b2ae0800e0c21a2) Importer(815301076,1909f56bfc062723c751e8b465ee728b)
Start importing Assets/Images/UI/hn.png using Guid(4c726c189ae855447b2ae0800e0c21a2) Importer(815301076,1909f56bfc062723c751e8b465ee728b)  -> (artifact id: '20a907235c0e9e5fbaebd43fe804ae7f') in 0.043374 seconds
  Import took 0.046758 seconds .

========================================================================
Received Import Request.
  Time since last request: 0.000185 seconds.
  path: Assets/Images/UI/buttonnext.png
  artifactKey: Guid(2c4d48d2ee767094bae52973b15ce989) Importer(815301076,1909f56bfc062723c751e8b465ee728b)
Start importing Assets/Images/UI/buttonnext.png using Guid(2c4d48d2ee767094bae52973b15ce989) Importer(815301076,1909f56bfc062723c751e8b465ee728b)  -> (artifact id: '50d5f1b1c4f4509771e4b0fe44e37742') in 0.013666 seconds
  Import took 0.016768 seconds .

========================================================================
Received Import Request.
  Time since last request: 0.000262 seconds.
  path: Assets/Images/UI/pp button 3.png
  artifactKey: Guid(de4471cb5cd03ac46adf910245a78e97) Importer(815301076,1909f56bfc062723c751e8b465ee728b)
Start importing Assets/Images/UI/pp button 3.png using Guid(de4471cb5cd03ac46adf910245a78e97) Importer(815301076,1909f56bfc062723c751e8b465ee728b)  -> (artifact id: '44ccc403bbfb531fded7b9f332d702c4') in 0.014348 seconds
  Import took 0.018760 seconds .

========================================================================
Received Import Request.
  Time since last request: 0.000274 seconds.
  path: Assets/Images/UI/bg.png
  artifactKey: Guid(4d3ffbf784ef4b642832582eaab9c161) Importer(815301076,1909f56bfc062723c751e8b465ee728b)
Start importing Assets/Images/UI/bg.png using Guid(4d3ffbf784ef4b642832582eaab9c161) Importer(815301076,1909f56bfc062723c751e8b465ee728b)  -> (artifact id: 'f378dd155ffb6c0f7c51be1e8cf81c47') in 0.036539 seconds
  Import took 0.039876 seconds .

========================================================================
Received Import Request.
  Time since last request: 0.000212 seconds.
  path: Assets/Images/UI/ppagreebutton.png
  artifactKey: Guid(690f5c04e3eadad4c8fc2ffd627e1284) Importer(815301076,1909f56bfc062723c751e8b465ee728b)
Start importing Assets/Images/UI/ppagreebutton.png using Guid(690f5c04e3eadad4c8fc2ffd627e1284) Importer(815301076,1909f56bfc062723c751e8b465ee728b)  -> (artifact id: '5b70b2129734c20fa9b99f6944f64b58') in 0.013282 seconds
  Import took 0.016266 seconds .

========================================================================
Received Import Request.
  Time since last request: 0.000253 seconds.
  path: Assets/Images/UI/splash.png
  artifactKey: Guid(920c297f826014e40baaf9d8b23a9377) Importer(815301076,1909f56bfc062723c751e8b465ee728b)
Start importing Assets/Images/UI/splash.png using Guid(920c297f826014e40baaf9d8b23a9377) Importer(815301076,1909f56bfc062723c751e8b465ee728b)  -> (artifact id: '52c95bf84cdabfe649d5fd33be616b64') in 0.035200 seconds
  Import took 0.038561 seconds .

========================================================================
Received Import Request.
  Time since last request: 0.000214 seconds.
  path: Assets/Images/UI/pp button.png
  artifactKey: Guid(e387ec1372ccff04eb75c5c12d1e7167) Importer(815301076,1909f56bfc062723c751e8b465ee728b)
Start importing Assets/Images/UI/pp button.png using Guid(e387ec1372ccff04eb75c5c12d1e7167) Importer(815301076,1909f56bfc062723c751e8b465ee728b)  -> (artifact id: '22c1912a274c9b929c7396a764677eda') in 0.013537 seconds
  Import took 0.017120 seconds .

========================================================================
Received Import Request.
  Time since last request: 0.000332 seconds.
  path: Assets/Images/UI/ppwindow.png
  artifactKey: Guid(8f6ec698013d0b64e853c16990cf60cd) Importer(815301076,1909f56bfc062723c751e8b465ee728b)
Start importing Assets/Images/UI/ppwindow.png using Guid(8f6ec698013d0b64e853c16990cf60cd) Importer(815301076,1909f56bfc062723c751e8b465ee728b)  -> (artifact id: 'ff0b8a2ec496da57800dd48272c2083f') in 0.024681 seconds
  Import took 0.029264 seconds .

========================================================================
Received Import Request.
  Time since last request: 0.000276 seconds.
  path: Assets/Images/UI/buttonnextempty.png
  artifactKey: Guid(091b3ea29215c724880f875f55dca955) Importer(815301076,1909f56bfc062723c751e8b465ee728b)
Start importing Assets/Images/UI/buttonnextempty.png using Guid(091b3ea29215c724880f875f55dca955) Importer(815301076,1909f56bfc062723c751e8b465ee728b)  -> (artifact id: '89c18559356a0e33bdd6658521fbc784') in 0.013017 seconds
  Import took 0.016760 seconds .

========================================================================
Received Import Request.
  Time since last request: 0.000258 seconds.
  path: Assets/Images/UI/colors.png
  artifactKey: Guid(ea1db9eebb80cc44c9a8f6e8fb497a42) Importer(815301076,1909f56bfc062723c751e8b465ee728b)
Start importing Assets/Images/UI/colors.png using Guid(ea1db9eebb80cc44c9a8f6e8fb497a42) Importer(815301076,1909f56bfc062723c751e8b465ee728b)  -> (artifact id: '1c73ec276346a5834f87af1857064ea3') in 0.031826 seconds
  Import took 0.035680 seconds .

========================================================================
Received Import Request.
  Time since last request: 0.000212 seconds.
  path: Assets/Images/UI/SecondPanelShadow.png
  artifactKey: Guid(713a594849f20db47b06d8b4267161b5) Importer(815301076,1909f56bfc062723c751e8b465ee728b)
Start importing Assets/Images/UI/SecondPanelShadow.png using Guid(713a594849f20db47b06d8b4267161b5) Importer(815301076,1909f56bfc062723c751e8b465ee728b)  -> (artifact id: '7af4d2763d817355898505b43a1cb9cb') in 0.012640 seconds
  Import took 0.016744 seconds .

========================================================================
Received Import Request.
  Time since last request: 5.672187 seconds.
  path: Assets/Images
  artifactKey: Guid(f7c5f717e981b394082536f88c34edbb) Importer(815301076,1909f56bfc062723c751e8b465ee728b)
Start importing Assets/Images using Guid(f7c5f717e981b394082536f88c34edbb) Importer(815301076,1909f56bfc062723c751e8b465ee728b)  -> (artifact id: 'f70553a10a20bce7179c3c7291458eaf') in 0.006775 seconds
  Import took 0.010751 seconds .

========================================================================
Received Import Request.
  Time since last request: 10.044513 seconds.
  path: Assets/Images/NinoCuni
  artifactKey: Guid(ad51d22d787fbe04b8239b652c392103) Importer(815301076,1909f56bfc062723c751e8b465ee728b)
Start importing Assets/Images/NinoCuni using Guid(ad51d22d787fbe04b8239b652c392103) Importer(815301076,1909f56bfc062723c751e8b465ee728b)  -> (artifact id: '788fa0f1f4f5997019e7660a4a8f9d54') in 0.007463 seconds
  Import took 0.010707 seconds .

AssetImportWorkerClient::OnTransportError - code=2 error=End of file
